<?xml version="1.0" encoding="UTF-8"?>
<!-- Generated by org.testng.reporters.JUnitReportReporter -->
<testsuite hostname="Sanket-Malis-MacBook-Pro.local" failures="0" tests="1" name="com.browserstack.run_first_test.FirstTest" time="38.572" errors="0" timestamp="1 Feb 2021 12:19:04 GMT">
  <testcase classname="com.browserstack.run_first_test.FirstTest" name="test" time="38.572"/>
</testsuite> <!-- com.browserstack.run_first_test.FirstTest -->
